
Unhandled Exception: System.Runtime.Serialization.SerializationException: Deserialization has failed ---> System.InvalidOperationException: Node type Element is not supported in this operation.  (line 1, column 28)
  at System.Xml.XmlReader.ReadContentString (Boolean isText) [0x0003f] in /private/tmp/monobuild/build/BUILD/mono-2.10.9/mcs/class/System.XML/System.Xml/XmlReader.cs:912 
  at System.Xml.XmlReader.ReadContentString () [0x0002a] in /private/tmp/monobuild/build/BUILD/mono-2.10.9/mcs/class/System.XML/System.Xml/XmlReader.cs:899 
  at System.Xml.XmlReader.ReadContentAsString () [0x00000] in /private/tmp/monobuild/build/BUILD/mono-2.10.9/mcs/class/System.XML/System.Xml/XmlReader.cs:1259 
  at System.Xml.XmlDictionaryReader.ReadContentAsString (Int32 maxStringContentLength) [0x00000] in /private/tmp/monobuild/build/BUILD/mono-2.10.9/mcs/class/System.Runtime.Serialization/System.Xml/XmlDictionaryReader.cs:326 
  at System.Xml.XmlDictionaryReader.ReadContentAsString () [0x00000] in /private/tmp/monobuild/build/BUILD/mono-2.10.9/mcs/class/System.Runtime.Serialization/System.Xml/XmlDictionaryReader.cs:320 
  at System.Xml.XmlDictionaryReader.ReadElementContentAsString () [0x00036] in /private/tmp/monobuild/build/BUILD/mono-2.10.9/mcs/class/System.Runtime.Serialization/System.Xml/XmlDictionaryReader.cs:402 
  at System.Runtime.Serialization.Json.JsonSerializationReader.ReadInstanceDrivenObject () [0x000ca] in /private/tmp/monobuild/build/BUILD/mono-2.10.9/mcs/class/System.ServiceModel.Web/System.Runtime.Serialization.Json/JsonSerializationReader.cs:224 
  at System.Runtime.Serialization.Json.JsonSerializationReader.ReadObject (System.Type type) [0x00475] in /private/tmp/monobuild/build/BUILD/mono-2.10.9/mcs/class/System.ServiceModel.Web/System.Runtime.Serialization.Json/JsonSerializationReader.cs:181 
  at System.Runtime.Serialization.Json.JsonSerializationReader.DeserializeGenericCollection (System.Type collectionType, System.Type elementType) [0x00222] in /private/tmp/monobuild/build/BUILD/mono-2.10.9/mcs/class/System.ServiceModel.Web/System.Runtime.Serialization.Json/JsonSerializationReader.cs:335 
  at System.Runtime.Serialization.Json.JsonSerializationReader.ReadObject (System.Type type) [0x00459] in /private/tmp/monobuild/build/BUILD/mono-2.10.9/mcs/class/System.ServiceModel.Web/System.Runtime.Serialization.Json/JsonSerializationReader.cs:174 
  at System.Runtime.Serialization.Json.JsonSerializationReader.ReadRoot () [0x0000d] in /private/tmp/monobuild/build/BUILD/mono-2.10.9/mcs/class/System.ServiceModel.Web/System.Runtime.Serialization.Json/JsonSerializationReader.cs:66 
  at System.Runtime.Serialization.Json.DataContractJsonSerializer.ReadObject (System.Xml.XmlReader reader, Boolean verifyObjectName) [0x00045] in /private/tmp/monobuild/build/BUILD/mono-2.10.9/mcs/class/System.ServiceModel.Web/System.Runtime.Serialization.Json/DataContractJsonSerializer.cs:190 
  --- End of inner exception stack trace ---
  at System.Runtime.Serialization.Json.DataContractJsonSerializer.ReadObject (System.Xml.XmlReader reader, Boolean verifyObjectName) [0x00062] in /private/tmp/monobuild/build/BUILD/mono-2.10.9/mcs/class/System.ServiceModel.Web/System.Runtime.Serialization.Json/DataContractJsonSerializer.cs:194 
  at System.Runtime.Serialization.Json.DataContractJsonSerializer.ReadObject (System.Xml.XmlDictionaryReader reader, Boolean verifyObjectName) [0x00000] in /private/tmp/monobuild/build/BUILD/mono-2.10.9/mcs/class/System.ServiceModel.Web/System.Runtime.Serialization.Json/DataContractJsonSerializer.cs:179 
  at System.Runtime.Serialization.Json.DataContractJsonSerializer.ReadObject (System.Xml.XmlDictionaryReader reader) [0x00000] in /private/tmp/monobuild/build/BUILD/mono-2.10.9/mcs/class/System.ServiceModel.Web/System.Runtime.Serialization.Json/DataContractJsonSerializer.cs:169 
  at System.Runtime.Serialization.Json.DataContractJsonSerializer.ReadObject (System.IO.Stream stream) [0x00000] in /private/tmp/monobuild/build/BUILD/mono-2.10.9/mcs/class/System.ServiceModel.Web/System.Runtime.Serialization.Json/DataContractJsonSerializer.cs:163 
  at PubNubMessaging.Pubnub.DeserializeToListOfObject (System.String jsonString) [0x00021] in /Volumes/Macintosh/Users/rajatkalsy/Projects/Client/ODesk/pubnub/git/pubnub-api/mono-mac/3.3/PubNub-Messaging/PubNub-Messaging/Pubnub.cs:586 
  at PubNubMessaging.Pubnub+<_request>c__AnonStorey0.<>m__0 (IAsyncResult asynchronousResult) [0x0002c] in /Volumes/Macintosh/Users/rajatkalsy/Projects/Client/ODesk/pubnub/git/pubnub-api/mono-mac/3.3/PubNub-Messaging/PubNub-Messaging/Pubnub.cs:477 
  at System.Net.WebAsyncResult.CB (System.Object unused) [0x00000] in /private/tmp/monobuild/build/BUILD/mono-2.10.9/mcs/class/System/System.Net/WebAsyncResult.cs:148 
